05/05/2022 09:18:00 AM USER: movies failed to login. Invalid credentials
05/05/2022 11:15:16 AM Users failed to loggin. Invalid credentials
05/05/2022 12:33:16 PM Users failed to loggin. Invalid credentials
05/05/2022 12:33:18 PM Users failed to loggin. Invalid credentials
05/05/2022 12:33:23 PM Users failed to loggin. Invalid credentials
05/05/2022 08:16:54 PM USER: sdafa failed to login. Invalid credentials
05/05/2022 08:16:55 PM USER: afdaf failed to login. Invalid credentials
05/05/2022 08:16:57 PM USER: adfa failed to login. Invalid credentials
05/05/2022 08:18:56 PM USER: fdasfd failed to login. Invalid credentials
05/05/2022 08:18:57 PM USER: adfadf failed to login. Invalid credentials
05/05/2022 08:18:58 PM USER: dafda failed to login. Invalid credentials
05/05/2022 08:24:55 PM Users failed to loggin. Invalid credentials
05/05/2022 08:24:57 PM Users failed to loggin. Invalid credentials
05/05/2022 08:25:00 PM Users failed to loggin. Invalid credentials
05/05/2022 08:30:18 PM Users failed to loggin. Invalid credentials
05/06/2022 09:36:46 AM USER: kamfd failed to login. Invalid credentials
05/06/2022 09:36:49 AM USER: mike failed to login. Invalid credentials
05/06/2022 09:37:12 AM USER: 3 failed to login. Invalid credentials
05/06/2022 09:37:20 AM Users failed to loggin. Invalid credentials
05/06/2022 09:37:23 AM Users failed to loggin. Invalid credentials
05/06/2022 09:37:28 AM Users failed to loggin. Invalid credentials
05/06/2022 10:55:22 AM USER: asfka failed to login. Invalid credentials
05/06/2022 10:55:33 AM USER: mike failed to login. Invalid credentials
05/26/2022 09:13:15 PM Users failed to loggin. Invalid credentials
05/26/2022 09:13:19 PM Users failed to loggin. Invalid credentials
05/26/2022 09:14:30 PM Starting new HTTP connection (1): www.omdbapi.com:80
05/26/2022 09:14:30 PM http://www.omdbapi.com:80 "GET /?apikey=%7Bapi_key%7D=Alone HTTP/1.1" 401 47
05/26/2022 09:14:49 PM Starting new HTTP connection (1): www.omdbapi.com:80
05/26/2022 09:14:49 PM http://www.omdbapi.com:80 "GET /?apikey=%7Bapi_key%7D=Faster HTTP/1.1" 401 47
05/26/2022 09:14:59 PM Starting new HTTP connection (1): www.omdbapi.com:80
05/26/2022 09:14:59 PM http://www.omdbapi.com:80 "GET /?apikey=%7Bapi_key%7D=Town HTTP/1.1" 401 47
05/26/2022 09:16:19 PM Starting new HTTP connection (1): www.omdbapi.com:80
05/26/2022 09:16:19 PM http://www.omdbapi.com:80 "GET /?apikey=6e1729d3&t=Town HTTP/1.1" 200 None
05/26/2022 09:16:26 PM Starting new HTTP connection (1): www.omdbapi.com:80
05/26/2022 09:16:26 PM http://www.omdbapi.com:80 "GET /?apikey=6e1729d3&t=Faster HTTP/1.1" 200 None
05/26/2022 09:16:35 PM Starting new HTTP connection (1): www.omdbapi.com:80
05/26/2022 09:16:35 PM http://www.omdbapi.com:80 "GET /?apikey=6e1729d3&t=Buried HTTP/1.1" 200 None
